\BOOKMARK [0][]{nom.0}{Nomenclature}{}% 1
\BOOKMARK [0][]{chapter.1}{1 Einleitung}{}% 2
\BOOKMARK [0][]{chapter.2}{2 Grundlagen}{}% 3
\BOOKMARK [1][]{section.2.1}{2.1 Unterkapitel Gliederungsebene 2}{chapter.2}% 4
\BOOKMARK [2][]{subsection.2.1.1}{2.1.1 Unterkapitel Gliederungsebene 3}{section.2.1}% 5
\BOOKMARK [0][]{chapter.3}{3 ``Lab course''}{}% 6
\BOOKMARK [1][]{section.3.1}{3.1 Theoretical foundation and numerical methods}{chapter.3}% 7
\BOOKMARK [2][]{subsection.3.1.1}{3.1.1 Introduction, exact diagonalization}{section.3.1}% 8
\BOOKMARK [2][]{subsection.3.1.2}{3.1.2 Block diagonalization}{section.3.1}% 9
\BOOKMARK [2][]{subsection.3.1.3}{3.1.3 Bit representation}{section.3.1}% 10
\BOOKMARK [2][]{subsection.3.1.4}{3.1.4 Construction of the fixed magnetization basis}{section.3.1}% 11
\BOOKMARK [2][]{subsection.3.1.5}{3.1.5 Construction of the Hamilton matrix}{section.3.1}% 12
\BOOKMARK [2][]{subsection.3.1.6}{3.1.6 Diagonalization and time evolution}{section.3.1}% 13
\BOOKMARK [2][]{subsection.3.1.7}{3.1.7 Measurements and observables}{section.3.1}% 14
\BOOKMARK [1][]{section.3.2}{3.2 Tests of the time evolution}{chapter.3}% 15
\BOOKMARK [2][]{subsection.3.2.1}{3.2.1 Short-time evolution}{section.3.2}% 16
\BOOKMARK [2][]{subsection.3.2.2}{3.2.2 Single magnon propagation}{section.3.2}% 17
\BOOKMARK [2][]{subsection.3.2.3}{3.2.3 Multiple-string magnon propagation}{section.3.2}% 18
\BOOKMARK [2][]{subsection.3.2.4}{3.2.4 Magnon scattering}{section.3.2}% 19
\BOOKMARK [0][]{chapter.4}{4 Ergebnisse}{}% 20
\BOOKMARK [0][]{chapter.5}{5 Diskussion}{}% 21
\BOOKMARK [1][]{section.5.1}{5.1 Unterkapitel}{chapter.5}% 22
\BOOKMARK [2][]{subsection.5.1.1}{5.1.1 Unterkapitel}{section.5.1}% 23
\BOOKMARK [0][]{chapter.6}{6 Zusammenfassung}{}% 24
\BOOKMARK [0][]{appendix.A}{A Calculation of [Siz,H]=0}{}% 25
\BOOKMARK [0][]{appendix.B}{B zweiter Anhang}{}% 26
